<?xml version="1.0" encoding="UTF-8"?>
<!-- Generated by org.testng.reporters.JUnitXMLReporter -->
<testsuite hostname="DESKTOP-98PBJP0" ignored="1" name="Default test(failed)(failed)" tests="6" failures="0" timestamp="15 Apr 2021 08:11:38 GMT" time="0.104" errors="0">
  <testcase name="init" time="0.018" classname="jenkinsTest.Testinggg"/>
  <testcase name="insert" time="0.006" classname="jenkinsTest.Testinggg"/>
  <testcase name="select" time="0.003" classname="jenkinsTest.Testinggg"/>
  <testcase name="update" time="0.008" classname="jenkinsTest.Testinggg"/>
  <testcase name="delete" time="0.001" classname="jenkinsTest.Testinggg"/>
  <testcase name="cleanup" time="0.001" classname="jenkinsTest.Testinggg"/>
  <testcase name="aisehi" time="0.0" classname="jenkinsTest.Testinggg">
    <ignored/>
  </testcase> <!-- aisehi -->
</testsuite> <!-- Default test(failed)(failed) -->
